#
# There is insufficient memory for the Java Runtime Environment to continue.
# Native memory allocation (malloc) failed to allocate 294288 bytes for Chunk::new
# Possible reasons:
#   The system is out of physical RAM or swap space
#   The process is running with CompressedOops enabled, and the Java Heap may be blocking the growth of the native heap
# Possible solutions:
#   Reduce memory load on the system
#   Increase physical memory or swap space
#   Check if swap backing store is full
#   Decrease Java heap size (-Xmx/-Xms)
#   Decrease number of Java threads
#   Decrease Java thread stack sizes (-Xss)
#   Set larger code cache with -XX:ReservedCodeCacheSize=
#   JVM is running with Unscaled Compressed Oops mode in which the Java heap is
#     placed in the first 4GB address space. The Java Heap base address is the
#     maximum limit for the native heap growth. Please use -XX:HeapBaseMinAddress
#     to set the Java Heap base and to place the Java Heap above 4GB virtual address.
# This output file may be truncated or incomplete.
#
#  Out of Memory Error (arena.cpp:195), pid=26888, tid=16692
#
# JRE version: OpenJDK Runtime Environment (16.0.2+7) (build 16.0.2+7-67)
# Java VM: OpenJDK 64-Bit Server VM (16.0.2+7-67, mixed mode, tiered, compressed oops, compressed class ptrs, g1 gc, windows-amd64)
# No core dump will be written. Minidumps are not enabled by default on client versions of Windows
#

---------------  S U M M A R Y ------------

Command Line: -Dfile.encoding=UTF-8 -XX:+ShowCodeDetailsInExceptionMessages Aplicacio.Aplicacio

Host: Intel(R) Core(TM) i5-7200U CPU @ 2.50GHz, 4 cores, 7G,  Windows 10 , 64 bit Build 19041 (10.0.19041.1706)
Time: Tue May 24 18:42:18 2022 Hora de verano romance elapsed time: 0.594594 seconds (0d 0h 0m 0s)

---------------  T H R E A D  ---------------

Current thread (0x0000028cc1c0d270):  JavaThread "C2 CompilerThread0" daemon [_thread_in_native, id=16692, stack(0x0000009b68500000,0x0000009b68600000)]


Current CompileTask:
C2:    594  109   !   4       java.io.BufferedReader::readLine (327 bytes)

Stack: [0x0000009b68500000,0x0000009b68600000]
Native frames: (J=compiled Java code, j=interpreted, Vv=VM code, C=native code)
V  [jvm.dll+0x6681ca]
V  [jvm.dll+0x7c9e69]
V  [jvm.dll+0x7cb61e]
V  [jvm.dll+0x7cbc73]
V  [jvm.dll+0x242c55]
V  [jvm.dll+0xadeba]
V  [jvm.dll+0xae45c]
V  [jvm.dll+0x35a8d7]
V  [jvm.dll+0x324de1]
V  [jvm.dll+0x32428a]
V  [jvm.dll+0x215cec]
V  [jvm.dll+0x215100]
V  [jvm.dll+0x1a1beb]
V  [jvm.dll+0x225158]
V  [jvm.dll+0x22319c]
V  [jvm.dll+0x77fa62]
V  [jvm.dll+0x7795aa]
V  [jvm.dll+0x667066]
C  [ucrtbase.dll+0x21bb2]
C  [KERNEL32.DLL+0x17034]
C  [ntdll.dll+0x52651]


---------------  P R O C E S S  ---------------

Threads class SMR info:
_java_thread_list=0x0000028cc1d2ee90, length=12, elements={
0x0000028ca5aeb3f0, 0x0000028cc0fcc020, 0x0000028cc0fcd160, 0x0000028cc1c09080,
0x0000028cc1c09990, 0x0000028cc1c0a390, 0x0000028cc1c0bda0, 0x0000028cc1c0d270,
0x0000028cc1c15820, 0x0000028cc1c66570, 0x0000028cc1d56ed0, 0x0000028cc1d77750
}

Java Threads: ( => current thread )
  0x0000028ca5aeb3f0 JavaThread "main" [_thread_in_vm, id=28524, stack(0x0000009b67800000,0x0000009b67900000)]
  0x0000028cc0fcc020 JavaThread "Reference Handler" daemon [_thread_blocked, id=28168, stack(0x0000009b67f00000,0x0000009b68000000)]
  0x0000028cc0fcd160 JavaThread "Finalizer" daemon [_thread_blocked, id=16256, stack(0x0000009b68000000,0x0000009b68100000)]
  0x0000028cc1c09080 JavaThread "Signal Dispatcher" daemon [_thread_blocked, id=9188, stack(0x0000009b68100000,0x0000009b68200000)]
  0x0000028cc1c09990 JavaThread "Attach Listener" daemon [_thread_blocked, id=22380, stack(0x0000009b68200000,0x0000009b68300000)]
  0x0000028cc1c0a390 JavaThread "Service Thread" daemon [_thread_blocked, id=17640, stack(0x0000009b68300000,0x0000009b68400000)]
  0x0000028cc1c0bda0 JavaThread "Monitor Deflation Thread" daemon [_thread_blocked, id=25004, stack(0x0000009b68400000,0x0000009b68500000)]
=>0x0000028cc1c0d270 JavaThread "C2 CompilerThread0" daemon [_thread_in_native, id=16692, stack(0x0000009b68500000,0x0000009b68600000)]
  0x0000028cc1c15820 JavaThread "C1 CompilerThread0" daemon [_thread_blocked, id=30040, stack(0x0000009b68600000,0x0000009b68700000)]
  0x0000028cc1c66570 JavaThread "Sweeper thread" daemon [_thread_blocked, id=25588, stack(0x0000009b68700000,0x0000009b68800000)]
  0x0000028cc1d56ed0 JavaThread "Notification Thread" daemon [_thread_blocked, id=27344, stack(0x0000009b68800000,0x0000009b68900000)]
  0x0000028cc1d77750 JavaThread "Common-Cleaner" daemon [_thread_blocked, id=26960, stack(0x0000009b68a00000,0x0000009b68b00000)]

Other Threads:
  0x0000028cc0fb6f80 VMThread "VM Thread" [stack: 0x0000009b67e00000,0x0000009b67f00000] [id=15168]
  0x0000028cc1d5b400 WatcherThread [stack: 0x0000009b68900000,0x0000009b68a00000] [id=26608]
  0x0000028ca5b285a0 GCTaskThread "GC Thread#0" [stack: 0x0000009b67900000,0x0000009b67a00000] [id=28544]
  0x0000028cc1d99b30 GCTaskThread "GC Thread#1" [stack: 0x0000009b68b00000,0x0000009b68c00000] [id=32120]
  0x0000028cc1d99e40 GCTaskThread "GC Thread#2" [stack: 0x0000009b68c00000,0x0000009b68d00000] [id=24752]
  0x0000028ca5b39360 ConcurrentGCThread "G1 Main Marker" [stack: 0x0000009b67a00000,0x0000009b67b00000] [id=29712]
  0x0000028ca5b3b740 ConcurrentGCThread "G1 Conc#0" [stack: 0x0000009b67b00000,0x0000009b67c00000] [id=6124]
  0x0000028ca5bb46a0 ConcurrentGCThread "G1 Refine#0" [stack: 0x0000009b67c00000,0x0000009b67d00000] [id=30268]
  0x0000028ca5bb6cd0 ConcurrentGCThread "G1 Service" [stack: 0x0000009b67d00000,0x0000009b67e00000] [id=9340]

Threads with active compile tasks:
C2 CompilerThread0      630  109   !   4       java.io.BufferedReader::readLine (327 bytes)

VM state: not at safepoint (normal execution)

VM Mutex/Monitor currently owned by a thread: None

Heap address: 0x0000000081c00000, size: 2020 MB, Compressed Oops mode: 32-bit

CDS disabled.
Compressed class space mapped at: 0x0000000100000000-0x0000000140000000, reserved size: 1073741824
Narrow klass base: 0x0000000000000000, Narrow klass shift: 3, Narrow klass range: 0x140000000

GC Precious Log:
 CPUs: 4 total, 4 available
 Memory: 8077M
 Large Page Support: Disabled
 NUMA Support: Disabled
 Compressed Oops: Enabled (32-bit)
 Heap Region Size: 1M
 Heap Min Capacity: 8M
 Heap Initial Capacity: 128M
 Heap Max Capacity: 2020M
 Pre-touch: Disabled
 Parallel Workers: 4
 Concurrent Workers: 1
 Concurrent Refinement Workers: 4
 Periodic GC: Disabled

Heap:
 garbage-first heap   total 131072K, used 66178K [0x0000000081c00000, 0x0000000100000000)
  region size 1024K, 67 young (68608K), 1 survivors (1024K)
 Metaspace       used 4799K, committed 4992K, reserved 1056768K
  class space    used 403K, committed 512K, reserved 1048576K

Heap Regions: E=young(eden), S=young(survivor), O=old, HS=humongous(starts), HC=humongous(continues), CS=collection set, F=free, OA=open archive, CA=closed archive, TAMS=top-at-mark-start (previous, next)
|   0|0x0000000081c00000, 0x0000000081c00000, 0x0000000081d00000|  0%| F|  |TAMS 0x0000000081c00000, 0x0000000081c00000| Untracked 
|   1|0x0000000081d00000, 0x0000000081d00000, 0x0000000081e00000|  0%| F|  |TAMS 0x0000000081d00000, 0x0000000081d00000| Untracked 
|   2|0x0000000081e00000, 0x0000000081e00000, 0x0000000081f00000|  0%| F|  |TAMS 0x0000000081e00000, 0x0000000081e00000| Untracked 
|   3|0x0000000081f00000, 0x0000000081f00000, 0x0000000082000000|  0%| F|  |TAMS 0x0000000081f00000, 0x0000000081f00000| Untracked 
|   4|0x0000000082000000, 0x0000000082000000, 0x0000000082100000|  0%| F|  |TAMS 0x0000000082000000, 0x0000000082000000| Untracked 
|   5|0x0000000082100000, 0x0000000082100000, 0x0000000082200000|  0%| F|  |TAMS 0x0000000082100000, 0x0000000082100000| Untracked 
|   6|0x0000000082200000, 0x0000000082200000, 0x0000000082300000|  0%| F|  |TAMS 0x0000000082200000, 0x0000000082200000| Untracked 
|   7|0x0000000082300000, 0x0000000082300000, 0x0000000082400000|  0%| F|  |TAMS 0x0000000082300000, 0x0000000082300000| Untracked 
|   8|0x0000000082400000, 0x0000000082400000, 0x0000000082500000|  0%| F|  |TAMS 0x0000000082400000, 0x0000000082400000| Untracked 
|   9|0x0000000082500000, 0x0000000082500000, 0x0000000082600000|  0%| F|  |TAMS 0x0000000082500000, 0x0000000082500000| Untracked 
|  10|0x0000000082600000, 0x0000000082600000, 0x0000000082700000|  0%| F|  |TAMS 0x0000000082600000, 0x0000000082600000| Untracked 
|  11|0x0000000082700000, 0x0000000082700000, 0x0000000082800000|  0%| F|  |TAMS 0x0000000082700000, 0x0000000082700000| Untracked 
|  12|0x0000000082800000, 0x0000000082800000, 0x0000000082900000|  0%| F|  |TAMS 0x0000000082800000, 0x0000000082800000| Untracked 
|  13|0x0000000082900000, 0x0000000082900000, 0x0000000082a00000|  0%| F|  |TAMS 0x0000000082900000, 0x0000000082900000| Untracked 
|  14|0x0000000082a00000, 0x0000000082a00000, 0x0000000082b00000|  0%| F|  |TAMS 0x0000000082a00000, 0x0000000082a00000| Untracked 
|  15|0x0000000082b00000, 0x0000000082b00000, 0x0000000082c00000|  0%| F|  |TAMS 0x0000000082b00000, 0x0000000082b00000| Untracked 
|  16|0x0000000082c00000, 0x0000000082c00000, 0x0000000082d00000|  0%| F|  |TAMS 0x0000000082c00000, 0x0000000082c00000| Untracked 
|  17|0x0000000082d00000, 0x0000000082d00000, 0x0000000082e00000|  0%| F|  |TAMS 0x0000000082d00000, 0x0000000082d00000| Untracked 
|  18|0x0000000082e00000, 0x0000000082e00000, 0x0000000082f00000|  0%| F|  |TAMS 0x0000000082e00000, 0x0000000082e00000| Untracked 
|  19|0x0000000082f00000, 0x0000000082f00000, 0x0000000083000000|  0%| F|  |TAMS 0x0000000082f00000, 0x0000000082f00000| Untracked 
|  20|0x0000000083000000, 0x0000000083000000, 0x0000000083100000|  0%| F|  |TAMS 0x0000000083000000, 0x0000000083000000| Untracked 
|  21|0x0000000083100000, 0x0000000083100000, 0x0000000083200000|  0%| F|  |TAMS 0x0000000083100000, 0x0000000083100000| Untracked 
|  22|0x0000000083200000, 0x0000000083200000, 0x0000000083300000|  0%| F|  |TAMS 0x0000000083200000, 0x0000000083200000| Untracked 
|  23|0x0000000083300000, 0x0000000083300000, 0x0000000083400000|  0%| F|  |TAMS 0x0000000083300000, 0x0000000083300000| Untracked 
|  24|0x0000000083400000, 0x0000000083400000, 0x0000000083500000|  0%| F|  |TAMS 0x0000000083400000, 0x0000000083400000| Untracked 
|  25|0x0000000083500000, 0x0000000083500000, 0x0000000083600000|  0%| F|  |TAMS 0x0000000083500000, 0x0000000083500000| Untracked 
|  26|0x0000000083600000, 0x0000000083600000, 0x0000000083700000|  0%| F|  |TAMS 0x0000000083600000, 0x0000000083600000| Untracked 
|  27|0x0000000083700000, 0x0000000083700000, 0x0000000083800000|  0%| F|  |TAMS 0x0000000083700000, 0x0000000083700000| Untracked 
|  28|0x0000000083800000, 0x0000000083800000, 0x0000000083900000|  0%| F|  |TAMS 0x0000000083800000, 0x0000000083800000| Untracked 
|  29|0x0000000083900000, 0x0000000083900000, 0x0000000083a00000|  0%| F|  |TAMS 0x0000000083900000, 0x0000000083900000| Untracked 
|  30|0x0000000083a00000, 0x0000000083a00000, 0x0000000083b00000|  0%| F|  |TAMS 0x0000000083a00000, 0x0000000083a00000| Untracked 
|  31|0x0000000083b00000, 0x0000000083b00000, 0x0000000083c00000|  0%| F|  |TAMS 0x0000000083b00000, 0x0000000083b00000| Untracked 
|  32|0x0000000083c00000, 0x0000000083c00000, 0x0000000083d00000|  0%| F|  |TAMS 0x0000000083c00000, 0x0000000083c00000| Untracked 
|  33|0x0000000083d00000, 0x0000000083d00000, 0x0000000083e00000|  0%| F|  |TAMS 0x0000000083d00000, 0x0000000083d00000| Untracked 
|  34|0x0000000083e00000, 0x0000000083e00000, 0x0000000083f00000|  0%| F|  |TAMS 0x0000000083e00000, 0x0000000083e00000| Untracked 
|  35|0x0000000083f00000, 0x0000000083f00000, 0x0000000084000000|  0%| F|  |TAMS 0x0000000083f00000, 0x0000000083f00000| Untracked 
|  36|0x0000000084000000, 0x0000000084000000, 0x0000000084100000|  0%| F|  |TAMS 0x0000000084000000, 0x0000000084000000| Untracked 
|  37|0x0000000084100000, 0x0000000084100000, 0x0000000084200000|  0%| F|  |TAMS 0x0000000084100000, 0x0000000084100000| Untracked 
|  38|0x0000000084200000, 0x0000000084200000, 0x0000000084300000|  0%| F|  |TAMS 0x0000000084200000, 0x0000000084200000| Untracked 
|  39|0x0000000084300000, 0x0000000084300000, 0x0000000084400000|  0%| F|  |TAMS 0x0000000084300000, 0x0000000084300000| Untracked 
|  40|0x0000000084400000, 0x0000000084400000, 0x0000000084500000|  0%| F|  |TAMS 0x0000000084400000, 0x0000000084400000| Untracked 
|  41|0x0000000084500000, 0x0000000084500000, 0x0000000084600000|  0%| F|  |TAMS 0x0000000084500000, 0x0000000084500000| Untracked 
|  42|0x0000000084600000, 0x0000000084600000, 0x0000000084700000|  0%| F|  |TAMS 0x0000000084600000, 0x0000000084600000| Untracked 
|  43|0x0000000084700000, 0x0000000084700000, 0x0000000084800000|  0%| F|  |TAMS 0x0000000084700000, 0x0000000084700000| Untracked 
|  44|0x0000000084800000, 0x0000000084800000, 0x0000000084900000|  0%| F|  |TAMS 0x0000000084800000, 0x0000000084800000| Untracked 
|  45|0x0000000084900000, 0x0000000084900000, 0x0000000084a00000|  0%| F|  |TAMS 0x0000000084900000, 0x0000000084900000| Untracked 
|  46|0x0000000084a00000, 0x0000000084a00000, 0x0000000084b00000|  0%| F|  |TAMS 0x0000000084a00000, 0x0000000084a00000| Untracked 
|  47|0x0000000084b00000, 0x0000000084b00000, 0x0000000084c00000|  0%| F|  |TAMS 0x0000000084b00000, 0x0000000084b00000| Untracked 
|  48|0x0000000084c00000, 0x0000000084c00000, 0x0000000084d00000|  0%| F|  |TAMS 0x0000000084c00000, 0x0000000084c00000| Untracked 
|  49|0x0000000084d00000, 0x0000000084d00000, 0x0000000084e00000|  0%| F|  |TAMS 0x0000000084d00000, 0x0000000084d00000| Untracked 
|  50|0x0000000084e00000, 0x0000000084e00000, 0x0000000084f00000|  0%| F|  |TAMS 0x0000000084e00000, 0x0000000084e00000| Untracked 
|  51|0x0000000084f00000, 0x0000000084f00000, 0x0000000085000000|  0%| F|  |TAMS 0x0000000084f00000, 0x0000000084f00000| Untracked 
|  52|0x0000000085000000, 0x0000000085000000, 0x0000000085100000|  0%| F|  |TAMS 0x0000000085000000, 0x0000000085000000| Untracked 
|  53|0x0000000085100000, 0x0000000085100000, 0x0000000085200000|  0%| F|  |TAMS 0x0000000085100000, 0x0000000085100000| Untracked 
|  54|0x0000000085200000, 0x0000000085200000, 0x0000000085300000|  0%| F|  |TAMS 0x0000000085200000, 0x0000000085200000| Untracked 
|  55|0x0000000085300000, 0x0000000085300000, 0x0000000085400000|  0%| F|  |TAMS 0x0000000085300000, 0x0000000085300000| Untracked 
|  56|0x0000000085400000, 0x0000000085400000, 0x0000000085500000|  0%| F|  |TAMS 0x0000000085400000, 0x0000000085400000| Untracked 
|  57|0x0000000085500000, 0x000000008551d700, 0x0000000085600000| 11%| E|  |TAMS 0x0000000085500000, 0x0000000085500000| Complete 
|  58|0x0000000085600000, 0x0000000085700000, 0x0000000085700000|100%| E|CS|TAMS 0x0000000085600000, 0x0000000085600000| Complete 
|  59|0x0000000085700000, 0x0000000085800000, 0x0000000085800000|100%| E|CS|TAMS 0x0000000085700000, 0x0000000085700000| Complete 
|  60|0x0000000085800000, 0x0000000085900000, 0x0000000085900000|100%| E|CS|TAMS 0x0000000085800000, 0x0000000085800000| Complete 
|  61|0x0000000085900000, 0x00000000859fa950, 0x0000000085a00000| 97%| E|  |TAMS 0x0000000085900000, 0x0000000085900000| Complete 
|  62|0x0000000085a00000, 0x0000000085b00000, 0x0000000085b00000|100%| E|CS|TAMS 0x0000000085a00000, 0x0000000085a00000| Complete 
|  63|0x0000000085b00000, 0x0000000085c00000, 0x0000000085c00000|100%| E|CS|TAMS 0x0000000085b00000, 0x0000000085b00000| Complete 
|  64|0x0000000085c00000, 0x0000000085d00000, 0x0000000085d00000|100%| E|CS|TAMS 0x0000000085c00000, 0x0000000085c00000| Complete 
|  65|0x0000000085d00000, 0x0000000085e00000, 0x0000000085e00000|100%| E|CS|TAMS 0x0000000085d00000, 0x0000000085d00000| Complete 
|  66|0x0000000085e00000, 0x0000000085f00000, 0x0000000085f00000|100%| E|CS|TAMS 0x0000000085e00000, 0x0000000085e00000| Complete 
|  67|0x0000000085f00000, 0x0000000086000000, 0x0000000086000000|100%| E|CS|TAMS 0x0000000085f00000, 0x0000000085f00000| Complete 
|  68|0x0000000086000000, 0x0000000086100000, 0x0000000086100000|100%| E|CS|TAMS 0x0000000086000000, 0x0000000086000000| Complete 
|  69|0x0000000086100000, 0x0000000086200000, 0x0000000086200000|100%| E|CS|TAMS 0x0000000086100000, 0x0000000086100000| Complete 
|  70|0x0000000086200000, 0x0000000086300000, 0x0000000086300000|100%| E|CS|TAMS 0x0000000086200000, 0x0000000086200000| Complete 
|  71|0x0000000086300000, 0x0000000086400000, 0x0000000086400000|100%| E|CS|TAMS 0x0000000086300000, 0x0000000086300000| Complete 
|  72|0x0000000086400000, 0x0000000086500000, 0x0000000086500000|100%| E|CS|TAMS 0x0000000086400000, 0x0000000086400000| Complete 
|  73|0x0000000086500000, 0x0000000086600000, 0x0000000086600000|100%| E|CS|TAMS 0x0000000086500000, 0x0000000086500000| Complete 
|  74|0x0000000086600000, 0x0000000086700000, 0x0000000086700000|100%| E|CS|TAMS 0x0000000086600000, 0x0000000086600000| Complete 
|  75|0x0000000086700000, 0x0000000086800000, 0x0000000086800000|100%| E|CS|TAMS 0x0000000086700000, 0x0000000086700000| Complete 
|  76|0x0000000086800000, 0x0000000086900000, 0x0000000086900000|100%| E|CS|TAMS 0x0000000086800000, 0x0000000086800000| Complete 
|  77|0x0000000086900000, 0x0000000086a00000, 0x0000000086a00000|100%| E|CS|TAMS 0x0000000086900000, 0x0000000086900000| Complete 
|  78|0x0000000086a00000, 0x0000000086b00000, 0x0000000086b00000|100%| E|CS|TAMS 0x0000000086a00000, 0x0000000086a00000| Complete 
|  79|0x0000000086b00000, 0x0000000086c00000, 0x0000000086c00000|100%| E|CS|TAMS 0x0000000086b00000, 0x0000000086b00000| Complete 
|  80|0x0000000086c00000, 0x0000000086d00000, 0x0000000086d00000|100%| E|CS|TAMS 0x0000000086c00000, 0x0000000086c00000| Complete 
|  81|0x0000000086d00000, 0x0000000086e00000, 0x0000000086e00000|100%| E|CS|TAMS 0x0000000086d00000, 0x0000000086d00000| Complete 
|  82|0x0000000086e00000, 0x0000000086f00000, 0x0000000086f00000|100%| E|CS|TAMS 0x0000000086e00000, 0x0000000086e00000| Complete 
|  83|0x0000000086f00000, 0x0000000087000000, 0x0000000087000000|100%| E|CS|TAMS 0x0000000086f00000, 0x0000000086f00000| Complete 
|  84|0x0000000087000000, 0x0000000087100000, 0x0000000087100000|100%| E|CS|TAMS 0x0000000087000000, 0x0000000087000000| Complete 
|  85|0x0000000087100000, 0x0000000087200000, 0x0000000087200000|100%| E|CS|TAMS 0x0000000087100000, 0x0000000087100000| Complete 
|  86|0x0000000087200000, 0x0000000087300000, 0x0000000087300000|100%| E|CS|TAMS 0x0000000087200000, 0x0000000087200000| Complete 
|  87|0x0000000087300000, 0x0000000087400000, 0x0000000087400000|100%| E|CS|TAMS 0x0000000087300000, 0x0000000087300000| Complete 
|  88|0x0000000087400000, 0x0000000087500000, 0x0000000087500000|100%| E|CS|TAMS 0x0000000087400000, 0x0000000087400000| Complete 
|  89|0x0000000087500000, 0x0000000087600000, 0x0000000087600000|100%| E|CS|TAMS 0x0000000087500000, 0x0000000087500000| Complete 
|  90|0x0000000087600000, 0x0000000087700000, 0x0000000087700000|100%| E|CS|TAMS 0x0000000087600000, 0x0000000087600000| Complete 
|  91|0x0000000087700000, 0x0000000087800000, 0x0000000087800000|100%| E|CS|TAMS 0x0000000087700000, 0x0000000087700000| Complete 
|  92|0x0000000087800000, 0x0000000087900000, 0x0000000087900000|100%| E|CS|TAMS 0x0000000087800000, 0x0000000087800000| Complete 
|  93|0x0000000087900000, 0x0000000087a00000, 0x0000000087a00000|100%| E|CS|TAMS 0x0000000087900000, 0x0000000087900000| Complete 
|  94|0x0000000087a00000, 0x0000000087b00000, 0x0000000087b00000|100%| E|CS|TAMS 0x0000000087a00000, 0x0000000087a00000| Complete 
|  95|0x0000000087b00000, 0x0000000087c00000, 0x0000000087c00000|100%| E|CS|TAMS 0x0000000087b00000, 0x0000000087b00000| Complete 
|  96|0x0000000087c00000, 0x0000000087d00000, 0x0000000087d00000|100%| E|CS|TAMS 0x0000000087c00000, 0x0000000087c00000| Complete 
|  97|0x0000000087d00000, 0x0000000087e00000, 0x0000000087e00000|100%| E|CS|TAMS 0x0000000087d00000, 0x0000000087d00000| Complete 
|  98|0x0000000087e00000, 0x0000000087f00000, 0x0000000087f00000|100%| E|CS|TAMS 0x0000000087e00000, 0x0000000087e00000| Complete 
|  99|0x0000000087f00000, 0x0000000088000000, 0x0000000088000000|100%| E|CS|TAMS 0x0000000087f00000, 0x0000000087f00000| Complete 
| 100|0x0000000088000000, 0x0000000088100000, 0x0000000088100000|100%| E|CS|TAMS 0x0000000088000000, 0x0000000088000000| Complete 
| 101|0x0000000088100000, 0x0000000088200000, 0x0000000088200000|100%| E|CS|TAMS 0x0000000088100000, 0x0000000088100000| Complete 
| 102|0x0000000088200000, 0x0000000088300000, 0x0000000088300000|100%| E|CS|TAMS 0x0000000088200000, 0x0000000088200000| Complete 
| 103|0x0000000088300000, 0x0000000088400000, 0x0000000088400000|100%| E|CS|TAMS 0x0000000088300000, 0x0000000088300000| Complete 
| 104|0x0000000088400000, 0x0000000088500000, 0x0000000088500000|100%| E|CS|TAMS 0x0000000088400000, 0x0000000088400000| Complete 
| 105|0x0000000088500000, 0x0000000088600000, 0x0000000088600000|100%| E|CS|TAMS 0x0000000088500000, 0x0000000088500000| Complete 
| 106|0x0000000088600000, 0x00000000886a0be8, 0x0000000088700000| 62%| S|CS|TAMS 0x0000000088600000, 0x0000000088600000| Complete 
| 107|0x0000000088700000, 0x0000000088800000, 0x0000000088800000|100%| E|CS|TAMS 0x0000000088700000, 0x0000000088700000| Complete 
| 108|0x0000000088800000, 0x0000000088900000, 0x0000000088900000|100%| E|CS|TAMS 0x0000000088800000, 0x0000000088800000| Complete 
| 109|0x0000000088900000, 0x0000000088a00000, 0x0000000088a00000|100%| E|CS|TAMS 0x0000000088900000, 0x0000000088900000| Complete 
| 110|0x0000000088a00000, 0x0000000088b00000, 0x0000000088b00000|100%| E|CS|TAMS 0x0000000088a00000, 0x0000000088a00000| Complete 
| 111|0x0000000088b00000, 0x0000000088c00000, 0x0000000088c00000|100%| E|CS|TAMS 0x0000000088b00000, 0x0000000088b00000| Complete 
| 112|0x0000000088c00000, 0x0000000088d00000, 0x0000000088d00000|100%| E|CS|TAMS 0x0000000088c00000, 0x0000000088c00000| Complete 
| 113|0x0000000088d00000, 0x0000000088e00000, 0x0000000088e00000|100%| E|CS|TAMS 0x0000000088d00000, 0x0000000088d00000| Complete 
| 114|0x0000000088e00000, 0x0000000088f00000, 0x0000000088f00000|100%| E|CS|TAMS 0x0000000088e00000, 0x0000000088e00000| Complete 
| 115|0x0000000088f00000, 0x0000000089000000, 0x0000000089000000|100%| E|CS|TAMS 0x0000000088f00000, 0x0000000088f00000| Complete 
| 116|0x0000000089000000, 0x0000000089100000, 0x0000000089100000|100%| E|CS|TAMS 0x0000000089000000, 0x0000000089000000| Complete 
| 117|0x0000000089100000, 0x0000000089200000, 0x0000000089200000|100%| E|CS|TAMS 0x0000000089100000, 0x0000000089100000| Complete 
| 118|0x0000000089200000, 0x0000000089300000, 0x0000000089300000|100%| E|CS|TAMS 0x0000000089200000, 0x0000000089200000| Complete 
| 119|0x0000000089300000, 0x0000000089400000, 0x0000000089400000|100%| E|CS|TAMS 0x0000000089300000, 0x0000000089300000| Complete 
| 120|0x0000000089400000, 0x0000000089500000, 0x0000000089500000|100%| E|CS|TAMS 0x0000000089400000, 0x0000000089400000| Complete 
| 121|0x0000000089500000, 0x0000000089600000, 0x0000000089600000|100%| E|CS|TAMS 0x0000000089500000, 0x0000000089500000| Complete 
| 122|0x0000000089600000, 0x0000000089700000, 0x0000000089700000|100%| E|CS|TAMS 0x0000000089600000, 0x0000000089600000| Complete 
| 123|0x0000000089700000, 0x0000000089800000, 0x0000000089800000|100%| E|CS|TAMS 0x0000000089700000, 0x0000000089700000| Complete 
| 124|0x0000000089800000, 0x0000000089900000, 0x0000000089900000|100%| E|CS|TAMS 0x0000000089800000, 0x0000000089800000| Complete 
| 125|0x0000000089900000, 0x0000000089a00000, 0x0000000089a00000|100%| E|CS|TAMS 0x0000000089900000, 0x0000000089900000| Complete 
| 126|0x0000000089a00000, 0x0000000089b00000, 0x0000000089b00000|100%| E|CS|TAMS 0x0000000089a00000, 0x0000000089a00000| Complete 
| 127|0x0000000089b00000, 0x0000000089c00000, 0x0000000089c00000|100%| E|CS|TAMS 0x0000000089b00000, 0x0000000089b00000| Complete 

Card table byte_map: [0x0000028cba270000,0x0000028cba670000] _byte_map_base: 0x0000028cb9e62000

Marking Bits (Prev, Next): (CMBitMap*) 0x0000028ca5b28c90, (CMBitMap*) 0x0000028ca5b28cd0
 Prev Bits: [0x0000028cbaa70000, 0x0000028cbca00000)
 Next Bits: [0x0000028cbca00000, 0x0000028cbe990000)

Polling page: 0x0000028caa820000

Metaspace:

Usage:
  Non-class:      4.29 MB used.
      Class:    403.62 KB used.
       Both:      4.69 MB used.

Virtual space:
  Non-class space:        8.00 MB reserved,       4.38 MB ( 55%) committed,  1 nodes.
      Class space:        1.00 GB reserved,     512.00 KB ( <1%) committed,  1 nodes.
              Both:        1.01 GB reserved,       4.88 MB ( <1%) committed. 

Chunk freelists:
   Non-Class:  2.99 MB
       Class:  3.56 MB
        Both:  6.55 MB

MaxMetaspaceSize: 17179869184.00 GB
CompressedClassSpaceSize: 1.00 GB
 - commit_granule_bytes: 65536.
 - commit_granule_words: 8192.
 - virtual_space_node_default_size: 1048576.
 - enlarge_chunks_in_place: 1.
 - new_chunks_are_fully_committed: 0.
 - uncommit_free_chunks: 1.
 - use_allocation_guard: 0.
 - handle_deallocations: 1.


Internal statistics:

num_allocs_failed_limit: 0.
num_arena_births: 4.
num_arena_deaths: 0.
num_vsnodes_births: 2.
num_vsnodes_deaths: 0.
num_space_committed: 78.
num_space_uncommitted: 0.
num_chunks_returned_to_freelist: 0.
num_chunks_taken_from_freelist: 8.
num_chunk_merges: 0.
num_chunk_splits: 3.
num_chunks_enlarged: 1.
num_purges: 0.

CodeHeap 'non-profiled nmethods': size=120000Kb used=15Kb max_used=15Kb free=119985Kb
 bounds [0x0000028cb2310000, 0x0000028cb2580000, 0x0000028cb9840000]
CodeHeap 'profiled nmethods': size=120000Kb used=153Kb max_used=153Kb free=119846Kb
 bounds [0x0000028caade0000, 0x0000028cab050000, 0x0000028cb2310000]
CodeHeap 'non-nmethods': size=5760Kb used=1056Kb max_used=1061Kb free=4703Kb
 bounds [0x0000028caa840000, 0x0000028caaab0000, 0x0000028caade0000]
 total_blobs=419 nmethods=108 adapters=224
 compilation: enabled
              stopped_count=0, restarted_count=0
 full_count=0

Compilation events (20 events):
Event: 0.541 Thread 0x0000028cc1c15820 nmethod 99 0x0000028caae02410 code [0x0000028caae025c0, 0x0000028caae026e8]
Event: 0.543 Thread 0x0000028cc1c15820  100       3       java.util.Arrays::copyOf (19 bytes)
Event: 0.544 Thread 0x0000028cc1c15820 nmethod 100 0x0000028caae02790 code [0x0000028caae02940, 0x0000028caae02c28]
Event: 0.544 Thread 0x0000028cc1c15820  101       3       java.lang.AbstractStringBuilder::newCapacity (59 bytes)
Event: 0.544 Thread 0x0000028cc1c15820 nmethod 101 0x0000028caae02d90 code [0x0000028caae02f80, 0x0000028caae034b8]
Event: 0.552 Thread 0x0000028cc1c15820  102       3       java.lang.String::valueOf (15 bytes)
Event: 0.553 Thread 0x0000028cc1c15820 nmethod 102 0x0000028caae03710 code [0x0000028caae038c0, 0x0000028caae03ac8]
Event: 0.553 Thread 0x0000028cc1c15820  104       3       java.lang.String::<init> (14 bytes)
Event: 0.553 Thread 0x0000028cc1c15820 nmethod 104 0x0000028caae03b90 code [0x0000028caae03d60, 0x0000028caae03f78]
Event: 0.553 Thread 0x0000028cc1c15820  103       3       java.io.BufferedReader::readLine (7 bytes)
Event: 0.553 Thread 0x0000028cc1c15820 nmethod 103 0x0000028caae04090 code [0x0000028caae04240, 0x0000028caae043a8]
Event: 0.553 Thread 0x0000028cc1c15820  105       3       java.lang.StringBuilder::<init> (6 bytes)
Event: 0.553 Thread 0x0000028cc1c15820 nmethod 105 0x0000028caae04490 code [0x0000028caae04640, 0x0000028caae04788]
Event: 0.553 Thread 0x0000028cc1c15820  106       3       java.lang.AbstractStringBuilder::<init> (63 bytes)
Event: 0.553 Thread 0x0000028cc1c15820 nmethod 106 0x0000028caae04810 code [0x0000028caae04a00, 0x0000028caae04f98]
Event: 0.553 Thread 0x0000028cc1c15820  107       3       java.lang.StringBuilder::append (6 bytes)
Event: 0.554 Thread 0x0000028cc1c15820 nmethod 107 0x0000028caae05190 code [0x0000028caae05340, 0x0000028caae054e8]
Event: 0.554 Thread 0x0000028cc1c15820  108       3       java.lang.String::checkBoundsOffCount (64 bytes)
Event: 0.554 Thread 0x0000028cc1c15820 nmethod 108 0x0000028caae05590 code [0x0000028caae05820, 0x0000028caae06118]
Event: 0.572 Thread 0x0000028cc1c0d270  109   !   4       java.io.BufferedReader::readLine (327 bytes)

GC Heap History (4 events):
Event: 0.556 GC heap before
{Heap before GC invocations=0 (full 0):
 garbage-first heap   total 131072K, used 12288K [0x0000000081c00000, 0x0000000100000000)
  region size 1024K, 13 young (13312K), 0 survivors (0K)
 Metaspace       used 4799K, committed 4992K, reserved 1056768K
  class space    used 403K, committed 512K, reserved 1048576K
}
Event: 0.557 GC heap after
{Heap after GC invocations=1 (full 0):
 garbage-first heap   total 131072K, used 627K [0x0000000081c00000, 0x0000000100000000)
  region size 1024K, 1 young (1024K), 1 survivors (1024K)
 Metaspace       used 4799K, committed 4992K, reserved 1056768K
  class space    used 403K, committed 512K, reserved 1048576K
}
Event: 0.567 GC heap before
{Heap before GC invocations=1 (full 0):
 garbage-first heap   total 131072K, used 20083K [0x0000000081c00000, 0x0000000100000000)
  region size 1024K, 21 young (21504K), 1 survivors (1024K)
 Metaspace       used 4799K, committed 4992K, reserved 1056768K
  class space    used 403K, committed 512K, reserved 1048576K
}
Event: 0.569 GC heap after
{Heap after GC invocations=2 (full 0):
 garbage-first heap   total 131072K, used 642K [0x0000000081c00000, 0x0000000100000000)
  region size 1024K, 1 young (1024K), 1 survivors (1024K)
 Metaspace       used 4799K, committed 4992K, reserved 1056768K
  class space    used 403K, committed 512K, reserved 1048576K
}

Deoptimization events (0 events):
No events

Classes unloaded (0 events):
No events

Classes redefined (0 events):
No events

Internal exceptions (0 events):
No events

Events (20 events):
Event: 0.526 loading class java/lang/Void
Event: 0.526 loading class java/lang/Void done
Event: 0.527 loading class java/io/BufferedReader
Event: 0.527 loading class java/io/BufferedReader done
Event: 0.527 loading class sun/nio/cs/StreamDecoder
Event: 0.527 loading class sun/nio/cs/StreamDecoder done
Event: 0.527 loading class sun/nio/cs/UTF_8$Decoder
Event: 0.528 loading class sun/nio/cs/UTF_8$Decoder done
Event: 0.528 loading class java/nio/CharBuffer
Event: 0.528 loading class java/nio/CharBuffer done
Event: 0.528 loading class java/nio/HeapCharBuffer
Event: 0.528 loading class java/nio/HeapCharBuffer done
Event: 0.528 loading class java/nio/charset/CoderResult
Event: 0.528 loading class java/nio/charset/CoderResult done
Event: 0.532 loading class java/util/concurrent/ConcurrentHashMap$ForwardingNode
Event: 0.532 loading class java/util/concurrent/ConcurrentHashMap$ForwardingNode done
Event: 0.556 Executing  VM operation: G1CollectForAllocation
Event: 0.557 Executing  VM operation: G1CollectForAllocation done
Event: 0.567 Executing  VM operation: G1CollectForAllocation
Event: 0.569 Executing  VM operation: G1CollectForAllocation done


Dynamic libraries:
0x00007ff7b32a0000 - 0x00007ff7b32ae000 	C:\Users\BEEP\.p2\pool\plugins\org.eclipse.justj.openjdk.hotspot.jre.full.win32.x86_64_16.0.2.v20210721-1149\jre\bin\javaw.exe
0x00007fff6ef70000 - 0x00007fff6f165000 	C:\WINDOWS\SYSTEM32\ntdll.dll
0x00007fff6d870000 - 0x00007fff6d92d000 	C:\WINDOWS\System32\KERNEL32.DLL
0x00007fff6c650000 - 0x00007fff6c91d000 	C:\WINDOWS\System32\KERNELBASE.dll
0x00007fff6cc50000 - 0x00007fff6cd50000 	C:\WINDOWS\System32\ucrtbase.dll
0x00007fff5ff90000 - 0x00007fff5ffa8000 	C:\Users\BEEP\.p2\pool\plugins\org.eclipse.justj.openjdk.hotspot.jre.full.win32.x86_64_16.0.2.v20210721-1149\jre\bin\jli.dll
0x00007fff5ff70000 - 0x00007fff5ff89000 	C:\Users\BEEP\.p2\pool\plugins\org.eclipse.justj.openjdk.hotspot.jre.full.win32.x86_64_16.0.2.v20210721-1149\jre\bin\VCRUNTIME140.dll
0x00007fff6ddc0000 - 0x00007fff6df60000 	C:\WINDOWS\System32\USER32.dll
0x00007fff6cde0000 - 0x00007fff6ce02000 	C:\WINDOWS\System32\win32u.dll
0x00007fff6d840000 - 0x00007fff6d86a000 	C:\WINDOWS\System32\GDI32.dll
0x00007fff6ce10000 - 0x00007fff6cf1b000 	C:\WINDOWS\System32\gdi32full.dll
0x00007fff6c920000 - 0x00007fff6c9bd000 	C:\WINDOWS\System32\msvcp_win.dll
0x00007fff573f0000 - 0x00007fff5768a000 	C:\WINDOWS\WinSxS\amd64_microsoft.windows.common-controls_6595b64144ccf1df_6.0.19041.1110_none_60b5254171f9507e\COMCTL32.dll
0x00007fff6d120000 - 0x00007fff6d1be000 	C:\WINDOWS\System32\msvcrt.dll
0x00007fff6e6c0000 - 0x00007fff6e6f0000 	C:\WINDOWS\System32\IMM32.DLL
0x00007fff62450000 - 0x00007fff6245c000 	C:\Users\BEEP\.p2\pool\plugins\org.eclipse.justj.openjdk.hotspot.jre.full.win32.x86_64_16.0.2.v20210721-1149\jre\bin\vcruntime140_1.dll
0x00007fff3e530000 - 0x00007fff3e5c1000 	C:\Users\BEEP\.p2\pool\plugins\org.eclipse.justj.openjdk.hotspot.jre.full.win32.x86_64_16.0.2.v20210721-1149\jre\bin\msvcp140.dll
0x00007fff17070000 - 0x00007fff17c1b000 	C:\Users\BEEP\.p2\pool\plugins\org.eclipse.justj.openjdk.hotspot.jre.full.win32.x86_64_16.0.2.v20210721-1149\jre\bin\server\jvm.dll
0x00007fff6ebe0000 - 0x00007fff6ec8e000 	C:\WINDOWS\System32\ADVAPI32.dll
0x00007fff6d390000 - 0x00007fff6d42c000 	C:\WINDOWS\System32\sechost.dll
0x00007fff6e760000 - 0x00007fff6e885000 	C:\WINDOWS\System32\RPCRT4.dll
0x00007fff6e6b0000 - 0x00007fff6e6b8000 	C:\WINDOWS\System32\PSAPI.DLL
0x00007fff562f0000 - 0x00007fff562f9000 	C:\WINDOWS\SYSTEM32\WSOCK32.dll
0x00007fff6e6f0000 - 0x00007fff6e75b000 	C:\WINDOWS\System32\WS2_32.dll
0x00007fff5ae20000 - 0x00007fff5ae47000 	C:\WINDOWS\SYSTEM32\WINMM.dll
0x00007fff65820000 - 0x00007fff6582a000 	C:\WINDOWS\SYSTEM32\VERSION.dll
0x00007fff6af30000 - 0x00007fff6af42000 	C:\WINDOWS\SYSTEM32\kernel.appcore.dll
0x00007fff66cc0000 - 0x00007fff66cca000 	C:\Users\BEEP\.p2\pool\plugins\org.eclipse.justj.openjdk.hotspot.jre.full.win32.x86_64_16.0.2.v20210721-1149\jre\bin\jimage.dll
0x00007fff6aba0000 - 0x00007fff6ad84000 	C:\WINDOWS\SYSTEM32\DBGHELP.DLL
0x00007fff56140000 - 0x00007fff5616c000 	C:\WINDOWS\SYSTEM32\dbgcore.DLL
0x00007fff6cd50000 - 0x00007fff6cdd2000 	C:\WINDOWS\System32\bcryptPrimitives.dll
0x00007fff62ed0000 - 0x00007fff62ef5000 	C:\Users\BEEP\.p2\pool\plugins\org.eclipse.justj.openjdk.hotspot.jre.full.win32.x86_64_16.0.2.v20210721-1149\jre\bin\java.dll
0x00007fff65740000 - 0x00007fff65758000 	C:\Users\BEEP\.p2\pool\plugins\org.eclipse.justj.openjdk.hotspot.jre.full.win32.x86_64_16.0.2.v20210721-1149\jre\bin\zip.dll
0x00007fff6df60000 - 0x00007fff6e6a4000 	C:\WINDOWS\System32\SHELL32.dll
0x00007fff6a400000 - 0x00007fff6ab94000 	C:\WINDOWS\SYSTEM32\windows.storage.dll
0x00007fff6d4e0000 - 0x00007fff6d834000 	C:\WINDOWS\System32\combase.dll
0x00007fff6c060000 - 0x00007fff6c08c000 	C:\WINDOWS\SYSTEM32\Wldp.dll
0x00007fff6d430000 - 0x00007fff6d4dd000 	C:\WINDOWS\System32\SHCORE.dll
0x00007fff6eb80000 - 0x00007fff6ebd5000 	C:\WINDOWS\System32\shlwapi.dll
0x00007fff6c590000 - 0x00007fff6c5af000 	C:\WINDOWS\SYSTEM32\profapi.dll
0x00007fff60090000 - 0x00007fff600a9000 	C:\Users\BEEP\.p2\pool\plugins\org.eclipse.justj.openjdk.hotspot.jre.full.win32.x86_64_16.0.2.v20210721-1149\jre\bin\net.dll
0x00007fff66390000 - 0x00007fff6649a000 	C:\WINDOWS\SYSTEM32\WINHTTP.dll
0x00007fff6bda0000 - 0x00007fff6be0a000 	C:\WINDOWS\system32\mswsock.dll
0x00007fff5fda0000 - 0x00007fff5fdb3000 	C:\Users\BEEP\.p2\pool\plugins\org.eclipse.justj.openjdk.hotspot.jre.full.win32.x86_64_16.0.2.v20210721-1149\jre\bin\nio.dll

dbghelp: loaded successfully - version: 4.0.5 - missing functions: none
symbol engine: initialized successfully - sym options: 0x614 - pdb path: .;C:\Users\BEEP\.p2\pool\plugins\org.eclipse.justj.openjdk.hotspot.jre.full.win32.x86_64_16.0.2.v20210721-1149\jre\bin;C:\WINDOWS\SYSTEM32;C:\WINDOWS\WinSxS\amd64_microsoft.windows.common-controls_6595b64144ccf1df_6.0.19041.1110_none_60b5254171f9507e;C:\Users\BEEP\.p2\pool\plugins\org.eclipse.justj.openjdk.hotspot.jre.full.win32.x86_64_16.0.2.v20210721-1149\jre\bin\server

VM Arguments:
jvm_args: -Dfile.encoding=UTF-8 -XX:+ShowCodeDetailsInExceptionMessages 
java_command: Aplicacio.Aplicacio
java_class_path (initial): C:\Users\BEEP\Downloads\gson-2.9.0.jar;C:\Users\BEEP\workspace\PR2-Marc_Fonseca\bin
Launcher Type: SUN_STANDARD

[Global flags]
     intx CICompilerCount                          = 3                                         {product} {ergonomic}
     uint ConcGCThreads                            = 1                                         {product} {ergonomic}
     uint G1ConcRefinementThreads                  = 4                                         {product} {ergonomic}
   size_t G1HeapRegionSize                         = 1048576                                   {product} {ergonomic}
    uintx GCDrainStackTargetSize                   = 64                                        {product} {ergonomic}
   size_t InitialHeapSize                          = 134217728                                 {product} {ergonomic}
   size_t MarkStackSize                            = 4194304                                   {product} {ergonomic}
   size_t MaxHeapSize                              = 2118123520                                {product} {ergonomic}
   size_t MaxNewSize                               = 1270874112                                {product} {ergonomic}
   size_t MinHeapDeltaBytes                        = 1048576                                   {product} {ergonomic}
   size_t MinHeapSize                              = 8388608                                   {product} {ergonomic}
    uintx NonNMethodCodeHeapSize                   = 5832780                                {pd product} {ergonomic}
    uintx NonProfiledCodeHeapSize                  = 122912730                              {pd product} {ergonomic}
    uintx ProfiledCodeHeapSize                     = 122912730                              {pd product} {ergonomic}
    uintx ReservedCodeCacheSize                    = 251658240                              {pd product} {ergonomic}
     bool SegmentedCodeCache                       = true                                      {product} {ergonomic}
     bool ShowCodeDetailsInExceptionMessages       = true                                   {manageable} {command line}
   size_t SoftMaxHeapSize                          = 2118123520                             {manageable} {ergonomic}
     bool UseCompressedClassPointers               = true                           {product lp64_product} {ergonomic}
     bool UseCompressedOops                        = true                           {product lp64_product} {ergonomic}
     bool UseG1GC                                  = true                                      {product} {ergonomic}
     bool UseLargePagesIndividualAllocation        = false                                  {pd product} {ergonomic}

Logging:
Log output configuration:
 #0: stdout all=warning uptime,level,tags
 #1: stderr all=off uptime,level,tags

Environment Variables:
PATH=C:/Users/BEEP/.p2/pool/plugins/org.eclipse.justj.openjdk.hotspot.jre.full.win32.x86_64_16.0.2.v20210721-1149/jre/bin/server;C:/Users/BEEP/.p2/pool/plugins/org.eclipse.justj.openjdk.hotspot.jre.full.win32.x86_64_16.0.2.v20210721-1149/jre/bin;C:\URV\bmde\msys\bin;C:\URV\bmde\devkitPro\devkitARM\bin;C:\URV\bmde\devkitPro\insight\bin;C:\Program Files\Java\jdk-16.0.2\bin;C:\Program Files (x86)\Common Files\Oracle\Java\javapath;C:\Program Files (x86)\Intel\iCLS Client\;C:\Program Files\Intel\iCLS Client\;C:\Python27;C:\Pyton27\Tools\Scripts;C:\Windows\system32;C:\Windows;C:\Windows\System32\Wbem;C:\Windows\System32\WindowsPowerShell\v1.0\;C:\Program Files (x86)\Intel\Intel(R) Management Engine Components\DAL;C:\Program Files\Intel\Intel(R) Management Engine Components\DAL;C:\Program Files (x86)\Intel\Intel(R) Management Engine Components\IPT;C:\Program Files\Intel\Intel(R) Management Engine Components\IPT;C:\Program Files (x86)\NVIDIA Corporation\PhysX\Common;C:\WINDOWS\system32;C:\WINDOWS;C:\WINDOWS\System32\Wbem;C:\WINDOWS\System32\WindowsPowerShell\v1.0\;C:\WINDOWS\System32\OpenSSH\;C:\Program Files (x86)\Windows Live\Shared;C:\Program Files\NVIDIA Corporation\NVIDIA NvDLISR;C:\WINDOWS\system32;C:\WINDOWS;C:\WINDOWS\System32\Wbem;C:\WINDOWS\System32\WindowsPowerShell\v1.0\;C:\WINDOWS\System32\OpenSSH\;C:\Program Files\dotnet\;C:\Program Files\Microsoft SQL Server\Client SDK\ODBC\170\Tools\Binn\;C:\Program Files\Microsoft SQL Server\130\Tools\Binn\;C:\Program Files\Git\cmd;C:\Program Files\OpenSSH\bin;C:\Program Files (x86)\dotnet\;C:\Users\BEEP\AppData\Local\Microsoft\WindowsApps;C:\Users\BEEP\.dotnet\tools;;C:\WINDOWS\System32;
USERNAME=BEEP
OS=Windows_NT
PROCESSOR_IDENTIFIER=Intel64 Family 6 Model 142 Stepping 9, GenuineIntel



---------------  S Y S T E M  ---------------

OS:
 Windows 10 , 64 bit Build 19041 (10.0.19041.1706)
OS uptime: 11 days 22:43 hours

CPU: total 4 (initial active 4) (2 cores per cpu, 2 threads per core) family 6 model 142 stepping 9 microcode 0xb4, cx8, cmov, fxsr, ht, mmx, 3dnowpref, sse, sse2, sse3, ssse3, sse4.1, sse4.2, popcnt, lzcnt, tsc, tscinvbit, avx, avx2, aes, erms, clmul, bmi1, bmi2, adx, fma, vzeroupper, clflush, clflushopt

Memory: 4k page, system-wide physical 8077M (482M free)
TotalPageFile size 11887M (AvailPageFile size 4M)
current process WorkingSet (physical memory assigned to process): 107M, peak: 107M
current process commit charge ("private bytes"): 196M, peak: 196M

vm_info: OpenJDK 64-Bit Server VM (16.0.2+7-67) for windows-amd64 JRE (16.0.2+7-67), built on Jun  8 2021 23:21:43 by "mach5one" with MS VC++ 16.7 (VS2019)

END.
